0 info it worked if it ends with ok
1 verbose cli [ 'C:\\Program Files\\nodejs\\node.exe',
1 verbose cli   'C:\\Program Files\\nodejs\\node_modules\\npm\\bin\\npm-cli.js',
1 verbose cli   'run',
1 verbose cli   'deploy' ]
2 info using npm@3.10.8
3 info using node@v6.9.1
4 verbose run-script [ 'predeploy', 'deploy', 'postdeploy' ]
5 info lifecycle deploy-test@1.0.0~predeploy: deploy-test@1.0.0
6 silly lifecycle deploy-test@1.0.0~predeploy: no script for predeploy, continuing
7 info lifecycle deploy-test@1.0.0~deploy: deploy-test@1.0.0
8 verbose lifecycle deploy-test@1.0.0~deploy: unsafe-perm in lifecycle true
9 verbose lifecycle deploy-test@1.0.0~deploy: PATH: C:\Program Files\nodejs\node_modules\npm\bin\node-gyp-bin;D:\javascript\workspace\deploy-test\node_modules\.bin;C:\ProgramData\Oracle\Java\javapath;D:\oraclexe\app\oracle\product\11.2.0\server\bin;C:\WINDOWS\system32;C:\WINDOWS;C:\WINDOWS\System32\Wbem;C:\WINDOWS\System32\WindowsPowerShell\v1.0\;C:\Program Files (x86)\ATI Technologies\ATI.ACE\Core-Static;C:\Program Files\Microsoft\Web Platform Installer\;C:\Program Files (x86)\Heroku\bin;C:\Program Files (x86)\git\cmd;C:\Program Files (x86)\scala\bin;C:\Program Files (x86)\sbt\\bin;C:\Program Files (x86)\AMD\ATI.ACE\Core-Static;C:\Program Files\TortoiseSVN\bin;C:\Program Files (x86)\Git\cmd;C:\Program Files\Git\cmd;C:\Program Files\nodejs\;C:\Program Files (x86)\Skype\Phone\;D:\RailsInstaller\Ruby1.9.3\bin;C:\Windows\system32;C:\Windows;C:\Windows\System32\Wbem;C:\Windows\System32\WindowsPowerShell\v1.0\;C:\Program Files (x86)\ATI Technologies\ATI.ACE\Core-Static;C:\Program Files\nodejs\;C:\Program Files\Microsoft\Web Platform Installer\;C:\Program Files (x86)\Heroku\bin;C:\Program Files (x86)\git\cmd;C:\Program Files\Python33\Scripts\ ;C:\Program Files\Python33\Scripts;C:\Program Files\Java\jdk1.8.0_31\bin;D:\java\play\play-2.2.2;D:\java\apache_ant\apache-ant-1.9.3\bin;D:\java\jdbc\mysql_connector;D:\c_cpp\cygwin64\bin;C:\python27;C:\python27\Scripts;D:\java\maven\apache-maven-3.2.2\bin;C:\Program Files\MongoDB\Server\3.0\bin;D:\java\libs\apache-log4j-2.3-bin\log4j-1.2-api-2.3.jar;D:\java\libs\apache-log4j-2.3-bin\log4j-core-2.3.jar;.;C:\Users\Lajos Szita\AppData\Local\.meteor\;C:\Program Files (x86)\Microsoft VS Code\bin;C:\Users\Lajos Szita\AppData\Roaming\npm;%USERPROFILE%\AppData\Local\Microsoft\WindowsApps;
10 verbose lifecycle deploy-test@1.0.0~deploy: CWD: D:\javascript\workspace\deploy-test
11 silly lifecycle deploy-test@1.0.0~deploy: Args: [ '/d /s /c', 'pm2 deploy ecosystem.config.js production' ]
12 silly lifecycle deploy-test@1.0.0~deploy: Returned: code: 1  signal: null
13 info lifecycle deploy-test@1.0.0~deploy: Failed to exec deploy script
14 verbose stack Error: deploy-test@1.0.0 deploy: `pm2 deploy ecosystem.config.js production`
14 verbose stack Exit status 1
14 verbose stack     at EventEmitter.<anonymous> (C:\Program Files\nodejs\node_modules\npm\lib\utils\lifecycle.js:255:16)
14 verbose stack     at emitTwo (events.js:106:13)
14 verbose stack     at EventEmitter.emit (events.js:191:7)
14 verbose stack     at ChildProcess.<anonymous> (C:\Program Files\nodejs\node_modules\npm\lib\utils\spawn.js:40:14)
14 verbose stack     at emitTwo (events.js:106:13)
14 verbose stack     at ChildProcess.emit (events.js:191:7)
14 verbose stack     at maybeClose (internal/child_process.js:877:16)
14 verbose stack     at Process.ChildProcess._handle.onexit (internal/child_process.js:226:5)
15 verbose pkgid deploy-test@1.0.0
16 verbose cwd D:\javascript\workspace\deploy-test
17 error Windows_NT 10.0.14393
18 error argv "C:\\Program Files\\nodejs\\node.exe" "C:\\Program Files\\nodejs\\node_modules\\npm\\bin\\npm-cli.js" "run" "deploy"
19 error node v6.9.1
20 error npm  v3.10.8
21 error code ELIFECYCLE
22 error deploy-test@1.0.0 deploy: `pm2 deploy ecosystem.config.js production`
22 error Exit status 1
23 error Failed at the deploy-test@1.0.0 deploy script 'pm2 deploy ecosystem.config.js production'.
23 error Make sure you have the latest version of node.js and npm installed.
23 error If you do, this is most likely a problem with the deploy-test package,
23 error not with npm itself.
23 error Tell the author that this fails on your system:
23 error     pm2 deploy ecosystem.config.js production
23 error You can get information on how to open an issue for this project with:
23 error     npm bugs deploy-test
23 error Or if that isn't available, you can get their info via:
23 error     npm owner ls deploy-test
23 error There is likely additional logging output above.
24 verbose exit [ 1, true ]
